# JRE version: Java(TM) SE Runtime Environment (8.0_151-b12) (build 1.8.0_151-b12)
# Java VM: Java HotSpot(TM) 64-Bit Server VM (25.151-b12 mixed mode windows-amd64 compressed oops)
Heap:
 PSYoungGen      total 140288K, used 135934K [0x000000076af00000, 0x0000000781880000, 0x00000007c0000000)
  eden space 129536K, 96% used [0x000000076af00000,0x00000007729467f0,0x0000000772d80000)
  from space 10752K, 99% used [0x0000000772d80000,0x00000007737f9280,0x0000000773800000)
  to   space 78336K, 0% used [0x000000077cc00000,0x000000077cc00000,0x0000000781880000)
 ParOldGen       total 223232K, used 145448K [0x00000006c0c00000, 0x00000006ce600000, 0x000000076af00000)
  object space 223232K, 65% used [0x00000006c0c00000,0x00000006c9a0a278,0x00000006ce600000)
 Metaspace       used 17768K, capacity 18038K, committed 18176K, reserved 1064960K
  class space    used 2134K, capacity 2218K, committed 2304K, reserved 1048576K
GC Heap History (10 events):
Event: 2.237 GC heap before
{Heap before GC invocations=2 (full 0):
 PSYoungGen      total 76288K, used 74705K [0x000000076af00000, 0x0000000774400000, 0x00000007c0000000)
  eden space 65536K, 100% used [0x000000076af00000,0x000000076ef00000,0x000000076ef00000)
  from space 10752K, 85% used [0x000000076ef00000,0x000000076f7f4450,0x000000076f980000)
  to   space 10752K, 0% used [0x0000000773980000,0x0000000773980000,0x0000000774400000)
 ParOldGen       total 175104K, used 40976K [0x00000006c0c00000, 0x00000006cb700000, 0x000000076af00000)
  object space 175104K, 23% used [0x00000006c0c00000,0x00000006c3404020,0x00000006cb700000)
 Metaspace       used 16103K, capacity 16314K, committed 16384K, reserved 1062912K
  class space    used 1951K, capacity 2044K, committed 2048K, reserved 1048576K
Event: 2.242 GC heap after
Heap after GC invocations=2 (full 0):
 PSYoungGen      total 76288K, used 10728K [0x000000076af00000, 0x0000000774400000, 0x00000007c0000000)
  eden space 65536K, 0% used [0x000000076af00000,0x000000076af00000,0x000000076ef00000)
  from space 10752K, 99% used [0x0000000773980000,0x00000007743fa328,0x0000000774400000)
  to   space 10752K, 0% used [0x000000076ef00000,0x000000076ef00000,0x000000076f980000)
 ParOldGen       total 175104K, used 42376K [0x00000006c0c00000, 0x00000006cb700000, 0x000000076af00000)
  object space 175104K, 24% used [0x00000006c0c00000,0x00000006c3562288,0x00000006cb700000)
 Metaspace       used 16103K, capacity 16314K, committed 16384K, reserved 1062912K
  class space    used 1951K, capacity 2044K, committed 2048K, reserved 1048576K
}
Event: 2.341 GC heap before
{Heap before GC invocations=3 (full 0):
 PSYoungGen      total 76288K, used 50370K [0x000000076af00000, 0x0000000774400000, 0x00000007c0000000)
  eden space 65536K, 60% used [0x000000076af00000,0x000000076d5b6888,0x000000076ef00000)
  from space 10752K, 99% used [0x0000000773980000,0x00000007743fa328,0x0000000774400000)
  to   space 10752K, 0% used [0x000000076ef00000,0x000000076ef00000,0x000000076f980000)
 ParOldGen       total 175104K, used 74839K [0x00000006c0c00000, 0x00000006cb700000, 0x000000076af00000)
  object space 175104K, 42% used [0x00000006c0c00000,0x00000006c5515e98,0x00000006cb700000)
 Metaspace       used 16434K, capacity 16654K, committed 17024K, reserved 1064960K
  class space    used 2005K, capacity 2086K, committed 2176K, reserved 1048576K
Event: 2.360 GC heap after
Heap after GC invocations=3 (full 0):
 PSYoungGen      total 76288K, used 10728K [0x000000076af00000, 0x0000000774400000, 0x00000007c0000000)
  eden space 65536K, 0% used [0x000000076af00000,0x000000076af00000,0x000000076ef00000)
  from space 10752K, 99% used [0x000000076ef00000,0x000000076f97a348,0x000000076f980000)
  to   space 10752K, 0% used [0x0000000773980000,0x0000000773980000,0x0000000774400000)
 ParOldGen       total 175104K, used 139948K [0x00000006c0c00000, 0x00000006cb700000, 0x000000076af00000)
  object space 175104K, 79% used [0x00000006c0c00000,0x00000006c94ab3e8,0x00000006cb700000)
 Metaspace       used 16434K, capacity 16654K, committed 17024K, reserved 1064960K
  class space    used 2005K, capacity 2086K, committed 2176K, reserved 1048576K
}
Event: 2.360 GC heap before
{Heap before GC invocations=4 (full 1):
 PSYoungGen      total 76288K, used 10728K [0x000000076af00000, 0x0000000774400000, 0x00000007c0000000)
  eden space 65536K, 0% used [0x000000076af00000,0x000000076af00000,0x000000076ef00000)
  from space 10752K, 99% used [0x000000076ef00000,0x000000076f97a348,0x000000076f980000)
  to   space 10752K, 0% used [0x0000000773980000,0x0000000773980000,0x0000000774400000)
 ParOldGen       total 175104K, used 139948K [0x00000006c0c00000, 0x00000006cb700000, 0x000000076af00000)
  object space 175104K, 79% used [0x00000006c0c00000,0x00000006c94ab3e8,0x00000006cb700000)
 Metaspace       used 16434K, capacity 16654K, committed 17024K, reserved 1064960K
  class space    used 2005K, capacity 2086K, committed 2176K, reserved 1048576K
Event: 2.387 GC heap after
Heap after GC invocations=4 (full 1):
 PSYoungGen      total 76288K, used 0K [0x000000076af00000, 0x0000000774400000, 0x00000007c0000000)
  eden space 65536K, 0% used [0x000000076af00000,0x000000076af00000,0x000000076ef00000)
  from space 10752K, 0% used [0x000000076ef00000,0x000000076ef00000,0x000000076f980000)
  to   space 10752K, 0% used [0x0000000773980000,0x0000000773980000,0x0000000774400000)
 ParOldGen       total 223232K, used 76703K [0x00000006c0c00000, 0x00000006ce600000, 0x000000076af00000)
  object space 223232K, 34% used [0x00000006c0c00000,0x00000006c56e7ed0,0x00000006ce600000)
 Metaspace       used 16434K, capacity 16654K, committed 17024K, reserved 1064960K
  class space    used 2005K, capacity 2086K, committed 2176K, reserved 1048576K
}
Event: 2.664 GC heap before
{Heap before GC invocations=5 (full 1):
 PSYoungGen      total 76288K, used 65536K [0x000000076af00000, 0x0000000774400000, 0x00000007c0000000)
  eden space 65536K, 100% used [0x000000076af00000,0x000000076ef00000,0x000000076ef00000)
  from space 10752K, 0% used [0x000000076ef00000,0x000000076ef00000,0x000000076f980000)
  to   space 10752K, 0% used [0x0000000773980000,0x0000000773980000,0x0000000774400000)
 ParOldGen       total 223232K, used 94094K [0x00000006c0c00000, 0x00000006ce600000, 0x000000076af00000)
  object space 223232K, 42% used [0x00000006c0c00000,0x00000006c67e3b30,0x00000006ce600000)
 Metaspace       used 16613K, capacity 16880K, committed 17024K, reserved 1064960K
  class space    used 2037K, capacity 2135K, committed 2176K, reserved 1048576K
Event: 2.669 GC heap after
Heap after GC invocations=5 (full 1):
 PSYoungGen      total 128512K, used 9084K [0x000000076af00000, 0x0000000774280000, 0x00000007c0000000)
  eden space 119296K, 0% used [0x000000076af00000,0x000000076af00000,0x0000000772380000)
  from space 9216K, 98% used [0x0000000773980000,0x000000077425f138,0x0000000774280000)
  to   space 10752K, 0% used [0x0000000772d80000,0x0000000772d80000,0x0000000773800000)
 ParOldGen       total 223232K, used 108502K [0x00000006c0c00000, 0x00000006ce600000, 0x000000076af00000)
  object space 223232K, 48% used [0x00000006c0c00000,0x00000006c75f5b70,0x00000006ce600000)
 Metaspace       used 16613K, capacity 16880K, committed 17024K, reserved 1064960K
  class space    used 2037K, capacity 2135K, committed 2176K, reserved 1048576K
}
Event: 3.181 GC heap before
{Heap before GC invocations=6 (full 1):
 PSYoungGen      total 128512K, used 127072K [0x000000076af00000, 0x0000000774280000, 0x00000007c0000000)
  eden space 119296K, 98% used [0x000000076af00000,0x0000000772239290,0x0000000772380000)
  from space 9216K, 98% used [0x0000000773980000,0x000000077425f138,0x0000000774280000)
  to   space 10752K, 0% used [0x0000000772d80000,0x0000000772d80000,0x0000000773800000)
 ParOldGen       total 223232K, used 108502K [0x00000006c0c00000, 0x00000006ce600000, 0x000000076af00000)
  object space 223232K, 48% used [0x00000006c0c00000,0x00000006c75f5b70,0x00000006ce600000)
 Metaspace       used 16826K, capacity 17072K, committed 17280K, reserved 1064960K
  class space    used 2058K, capacity 2135K, committed 2176K, reserved 1048576K
Event: 3.192 GC heap after
Heap after GC invocations=6 (full 1):
 PSYoungGen      total 140288K, used 10724K [0x000000076af00000, 0x0000000781880000, 0x00000007c0000000)
  eden space 129536K, 0% used [0x000000076af00000,0x000000076af00000,0x0000000772d80000)
  from space 10752K, 99% used [0x0000000772d80000,0x00000007737f9280,0x0000000773800000)
  to   space 78336K, 0% used [0x000000077cc00000,0x000000077cc00000,0x0000000781880000)
 ParOldGen       total 223232K, used 145448K [0x00000006c0c00000, 0x00000006ce600000, 0x000000076af00000)
  object space 223232K, 65% used [0x00000006c0c00000,0x00000006c9a0a278,0x00000006ce600000)
 Metaspace       used 16826K, capacity 17072K, committed 17280K, reserved 1064960K
  class space    used 2058K, capacity 2135K, committed 2176K, reserved 1048576K
}

